<?xml version="1.0" encoding="UTF-8"?>
<!-- Generated by org.testng.reporters.JUnitReportReporter -->
<testsuite hostname="Computer" name="Header.MenuArts" tests="1" failures="0" timestamp="14 Jun 2015 19:04:59 GMT" time="25.723" errors="0">
  <testcase name="arts" time="25.723" classname="Header.MenuArts"/>
</testsuite> <!-- Header.MenuArts -->
